c:\users\gillj\desktop\project4\gateware\d3d11_template_gateware_v5d\d3d11_template_gateware\x64\debug\vc141.pdb
c:\users\gillj\desktop\project4\gateware\d3d11_template_gateware_v5d\d3d11_template_gateware\x64\debug\vc141.idb
c:\users\gillj\desktop\project4\gateware\d3d11_template_gateware_v5d\d3d11_template_gateware\x64\debug\main.obj
c:\users\gillj\desktop\project4\gateware\d3d11_template_gateware_v5d\d3d11_template_gateware\x64\debug\gwindow.obj
c:\users\gillj\desktop\project4\gateware\d3d11_template_gateware_v5d\d3d11_template_gateware\x64\debug\glog.obj
c:\users\gillj\desktop\project4\gateware\d3d11_template_gateware_v5d\d3d11_template_gateware\x64\debug\gi_static.obj
c:\users\gillj\desktop\project4\gateware\d3d11_template_gateware_v5d\d3d11_template_gateware\x64\debug\gi_callback.obj
c:\users\gillj\desktop\project4\gateware\d3d11_template_gateware_v5d\d3d11_template_gateware\x64\debug\ginput.obj
c:\users\gillj\desktop\project4\gateware\d3d11_template_gateware_v5d\d3d11_template_gateware\x64\debug\gfile.obj
c:\users\gillj\desktop\project4\gateware\d3d11_template_gateware_v5d\d3d11_template_gateware\x64\debug\gbufferedinput.obj
c:\users\gillj\desktop\project4\gateware\d3d11_template_gateware_v5d\d3d11_template_gateware\x64\debug\gbi_callback.obj
c:\users\gillj\desktop\project4\gateware\d3d11_template_gateware_v5d\d3d11_template_gateware\x64\debug\gvector.obj
c:\users\gillj\desktop\project4\gateware\d3d11_template_gateware_v5d\d3d11_template_gateware\x64\debug\gquaternion.obj
c:\users\gillj\desktop\project4\gateware\d3d11_template_gateware_v5d\d3d11_template_gateware\x64\debug\gmatrix.obj
c:\users\gillj\desktop\project4\gateware\d3d11_template_gateware_v5d\d3d11_template_gateware\x64\debug\gopenglsurface.obj
c:\users\gillj\desktop\project4\gateware\d3d11_template_gateware_v5d\d3d11_template_gateware\x64\debug\gdirectx11surface.obj
c:\users\gillj\desktop\project4\gateware\d3d11_template_gateware_v5d\d3d11_template_gateware\x64\debug\gaudio.obj
c:\users\gillj\desktop\project4\gateware\d3d11_template_gateware_v5d\d3d11_template_gateware\x64\debug\ddstextureloader.obj
c:\users\gillj\desktop\project4\gateware\d3d11_template_gateware_v5d\d3d11_template_gateware\pixelshader_ppiv.csh
c:\users\gillj\desktop\project4\gateware\d3d11_template_gateware_v5d\x64\debug\pixelshader_ppiv.cso
c:\users\gillj\desktop\project4\gateware\d3d11_template_gateware_v5d\d3d11_template_gateware\lightvertexshader_ppiv.csh
c:\users\gillj\desktop\project4\gateware\d3d11_template_gateware_v5d\x64\debug\lightvertexshader_ppiv.cso
c:\users\gillj\desktop\project4\gateware\d3d11_template_gateware_v5d\d3d11_template_gateware\vertexshader_ppiv.csh
c:\users\gillj\desktop\project4\gateware\d3d11_template_gateware_v5d\x64\debug\vertexshader_ppiv.cso
c:\users\gillj\desktop\project4\gateware\d3d11_template_gateware_v5d\d3d11_template_gateware\lightpixelshader_ppiv.csh
c:\users\gillj\desktop\project4\gateware\d3d11_template_gateware_v5d\x64\debug\lightpixelshader_ppiv.cso
c:\users\gillj\desktop\project4\gateware\d3d11_template_gateware_v5d\d3d11_template_gateware\watervertexshader_ppiv.csh
c:\users\gillj\desktop\project4\gateware\d3d11_template_gateware_v5d\x64\debug\watervertexshader_ppiv.cso
c:\users\gillj\desktop\project4\gateware\d3d11_template_gateware_v5d\x64\debug\d3d11_template_gateware.exe
c:\users\gillj\desktop\project4\gateware\d3d11_template_gateware_v5d\x64\debug\d3d11_template_gateware.ilk
c:\users\gillj\desktop\project4\gateware\d3d11_template_gateware_v5d\x64\debug\d3d11_template_gateware.pdb
c:\users\gillj\desktop\project4\gateware\d3d11_template_gateware_v5d\d3d11_template_gateware\x64\debug\d3d11_te.c7374697.tlog\cl.command.1.tlog
c:\users\gillj\desktop\project4\gateware\d3d11_template_gateware_v5d\d3d11_template_gateware\x64\debug\d3d11_te.c7374697.tlog\cl.read.1.tlog
c:\users\gillj\desktop\project4\gateware\d3d11_template_gateware_v5d\d3d11_template_gateware\x64\debug\d3d11_te.c7374697.tlog\cl.write.1.tlog
c:\users\gillj\desktop\project4\gateware\d3d11_template_gateware_v5d\d3d11_template_gateware\x64\debug\d3d11_te.c7374697.tlog\fxc.command.1.tlog
c:\users\gillj\desktop\project4\gateware\d3d11_template_gateware_v5d\d3d11_template_gateware\x64\debug\d3d11_te.c7374697.tlog\fxc.read.1.tlog
c:\users\gillj\desktop\project4\gateware\d3d11_template_gateware_v5d\d3d11_template_gateware\x64\debug\d3d11_te.c7374697.tlog\fxc.write.1.tlog
c:\users\gillj\desktop\project4\gateware\d3d11_template_gateware_v5d\d3d11_template_gateware\x64\debug\d3d11_te.c7374697.tlog\link.command.1.tlog
c:\users\gillj\desktop\project4\gateware\d3d11_template_gateware_v5d\d3d11_template_gateware\x64\debug\d3d11_te.c7374697.tlog\link.read.1.tlog
c:\users\gillj\desktop\project4\gateware\d3d11_template_gateware_v5d\d3d11_template_gateware\x64\debug\d3d11_te.c7374697.tlog\link.write.1.tlog
